Traceback (most recent call last):
  File "/home/ihubnvidia20/miniconda3/envs/moldysim/lib/python3.9/site-packages/qiskit_algorithms/minimum_eigensolvers/vqe.py", line 266, in evaluate_energy
    estimator_result = job.result()
  File "/home/ihubnvidia20/miniconda3/envs/moldysim/lib/python3.9/site-packages/qiskit/primitives/primitive_job.py", line 51, in result
    return self._future.result()
  File "/home/ihubnvidia20/miniconda3/envs/moldysim/lib/python3.9/concurrent/futures/_base.py", line 440, in result
    return self.__get_result()
  File "/home/ihubnvidia20/miniconda3/envs/moldysim/lib/python3.9/concurrent/futures/_base.py", line 389, in __get_result
    raise self._exception
  File "/home/ihubnvidia20/miniconda3/envs/moldysim/lib/python3.9/concurrent/futures/thread.py", line 52, in run
    result = self.fn(*self.args, **self.kwargs)
  File "/home/ihubnvidia20/miniconda3/envs/moldysim/lib/python3.9/site-packages/qiskit/primitives/estimator.py", line 108, in _call
    final_state = Statevector(bound_circuit_to_instruction(circ))
  File "/home/ihubnvidia20/miniconda3/envs/moldysim/lib/python3.9/site-packages/qiskit/quantum_info/states/statevector.py", line 93, in __init__
    self._data = Statevector.from_instruction(data).data
  File "/home/ihubnvidia20/miniconda3/envs/moldysim/lib/python3.9/site-packages/qiskit/quantum_info/states/statevector.py", line 766, in from_instruction
    init = np.zeros(2**instruction.num_qubits, dtype=complex)
numpy._core._exceptions.MemoryError: Unable to allocate 64.0 TiB for an array with shape (4398046511104,) and data type complex128

The above exception was the direct cause of the following exception:

Traceback (most recent call last):
  File "/home/ihubnvidia20/vqe4.py", line 103, in <module>
    vqe_calc = vqe.compute_minimum_eigenvalue(qubit_jw_op)
  File "/home/ihubnvidia20/miniconda3/envs/moldysim/lib/python3.9/site-packages/qiskit_algorithms/minimum_eigensolvers/vqe.py", line 194, in compute_minimum_eigenvalue
    optimizer_result = self.optimizer.minimize(
  File "/home/ihubnvidia20/miniconda3/envs/moldysim/lib/python3.9/site-packages/qiskit_algorithms/optimizers/scipy_optimizer.py", line 148, in minimize
    raw_result = minimize(
  File "/home/ihubnvidia20/miniconda3/envs/moldysim/lib/python3.9/site-packages/scipy/optimize/_minimize.py", line 719, in minimize
    res = _minimize_cobyla(fun, x0, args, constraints, callback=callback,
  File "/home/ihubnvidia20/miniconda3/envs/moldysim/lib/python3.9/site-packages/scipy/optimize/_cobyla_py.py", line 35, in wrapper
    return func(*args, **kwargs)
  File "/home/ihubnvidia20/miniconda3/envs/moldysim/lib/python3.9/site-packages/scipy/optimize/_cobyla_py.py", line 278, in _minimize_cobyla
    sf = _prepare_scalar_function(fun, x0, args=args, jac=_jac)
  File "/home/ihubnvidia20/miniconda3/envs/moldysim/lib/python3.9/site-packages/scipy/optimize/_optimize.py", line 288, in _prepare_scalar_function
    sf = ScalarFunction(fun, x0, args, grad, hess,
  File "/home/ihubnvidia20/miniconda3/envs/moldysim/lib/python3.9/site-packages/scipy/optimize/_differentiable_functions.py", line 166, in __init__
    self._update_fun()
  File "/home/ihubnvidia20/miniconda3/envs/moldysim/lib/python3.9/site-packages/scipy/optimize/_differentiable_functions.py", line 262, in _update_fun
    self._update_fun_impl()
  File "/home/ihubnvidia20/miniconda3/envs/moldysim/lib/python3.9/site-packages/scipy/optimize/_differentiable_functions.py", line 163, in update_fun
    self.f = fun_wrapped(self.x)
  File "/home/ihubnvidia20/miniconda3/envs/moldysim/lib/python3.9/site-packages/scipy/optimize/_differentiable_functions.py", line 145, in fun_wrapped
    fx = fun(np.copy(x), *args)
  File "/home/ihubnvidia20/miniconda3/envs/moldysim/lib/python3.9/site-packages/qiskit_algorithms/minimum_eigensolvers/vqe.py", line 268, in evaluate_energy
    raise AlgorithmError("The primitive job to evaluate the energy failed!") from exc
qiskit_algorithms.exceptions.AlgorithmError: 'The primitive job to evaluate the energy failed!'
